<?xml version="1.0" encoding="UTF-8"?>
<robot generator="Robot 3.1.2 (Python 3.7.3 on darwin)" generated="20190708 23:27:28.261" rpa="false">
<suite id="s1" name="Test01" source="/Users/luizfilipecunha/robot-scripts/QA_Test/Tests/Login/Teste 01/test01.robot">
<test id="s1-t1" name="Usuários cadastrados devem ser capazes de realizar Login no sistema">
<kw name="Open Browser" library="SeleniumLibrary">
<doc>Opens a new browser instance to the given ``url``.</doc>
<arguments>
<arg>https://letsbomfin.github.io/cadastro.github.io/</arg>
<arg>googlechrome</arg>
</arguments>
<msg timestamp="20190708 23:27:28.667" level="INFO">Opening browser 'googlechrome' to base url 'https://letsbomfin.github.io/cadastro.github.io/'.</msg>
<status status="PASS" starttime="20190708 23:27:28.667" endtime="20190708 23:27:32.565"></status>
</kw>
<kw name="Wait Until Page Contains" library="SeleniumLibrary">
<doc>Waits until ``text`` appears on current page.</doc>
<arguments>
<arg>Seu nome</arg>
</arguments>
<status status="PASS" starttime="20190708 23:27:32.567" endtime="20190708 23:27:32.789"></status>
</kw>
<kw name="Input Text" library="SeleniumLibrary">
<doc>Types the given ``text`` into text field identified by ``locator``.</doc>
<arguments>
<arg>id=nome_cad</arg>
<arg>Luiz Cunha</arg>
</arguments>
<msg timestamp="20190708 23:27:32.790" level="INFO">Typing text 'Luiz Cunha' into text field 'id=nome_cad'.</msg>
<status status="PASS" starttime="20190708 23:27:32.790" endtime="20190708 23:27:33.050"></status>
</kw>
<kw name="Input Text" library="SeleniumLibrary">
<doc>Types the given ``text`` into text field identified by ``locator``.</doc>
<arguments>
<arg>id=email_cad</arg>
<arg>${email}</arg>
</arguments>
<msg timestamp="20190708 23:27:33.051" level="INFO">Typing text 'luiz.cunha@netlex.com.br' into text field 'id=email_cad'.</msg>
<status status="PASS" starttime="20190708 23:27:33.051" endtime="20190708 23:27:33.343"></status>
</kw>
<kw name="Input Text" library="SeleniumLibrary">
<doc>Types the given ``text`` into text field identified by ``locator``.</doc>
<arguments>
<arg>id=estado_cad</arg>
<arg>minas gerais</arg>
</arguments>
<msg timestamp="20190708 23:27:33.344" level="INFO">Typing text 'minas gerais' into text field 'id=estado_cad'.</msg>
<status status="PASS" starttime="20190708 23:27:33.344" endtime="20190708 23:27:33.532"></status>
</kw>
<kw name="Input Text" library="SeleniumLibrary">
<doc>Types the given ``text`` into text field identified by ``locator``.</doc>
<arguments>
<arg>id=rua_cad</arg>
<arg>rua um</arg>
</arguments>
<msg timestamp="20190708 23:27:33.533" level="INFO">Typing text 'rua um' into text field 'id=rua_cad'.</msg>
<status status="PASS" starttime="20190708 23:27:33.532" endtime="20190708 23:27:33.658"></status>
</kw>
<kw name="Input Text" library="SeleniumLibrary">
<doc>Types the given ``text`` into text field identified by ``locator``.</doc>
<arguments>
<arg>id=bairro_cad</arg>
<arg>pompéu</arg>
</arguments>
<msg timestamp="20190708 23:27:33.658" level="INFO">Typing text 'pompéu' into text field 'id=bairro_cad'.</msg>
<status status="PASS" starttime="20190708 23:27:33.658" endtime="20190708 23:27:33.829"></status>
</kw>
<kw name="Input Text" library="SeleniumLibrary">
<doc>Types the given ``text`` into text field identified by ``locator``.</doc>
<arguments>
<arg>name=cep</arg>
<arg>34518</arg>
</arguments>
<msg timestamp="20190708 23:27:33.830" level="INFO">Typing text '34518' into text field 'name=cep'.</msg>
<status status="PASS" starttime="20190708 23:27:33.830" endtime="20190708 23:27:34.037"></status>
</kw>
<kw name="Input Text" library="SeleniumLibrary">
<doc>Types the given ``text`` into text field identified by ``locator``.</doc>
<arguments>
<arg>name=cep2</arg>
<arg>090</arg>
</arguments>
<msg timestamp="20190708 23:27:34.038" level="INFO">Typing text '090' into text field 'name=cep2'.</msg>
<status status="PASS" starttime="20190708 23:27:34.038" endtime="20190708 23:27:34.192"></status>
</kw>
<kw name="Input Password" library="SeleniumLibrary">
<doc>Types the given password into text field identified by ``locator``.</doc>
<arguments>
<arg>id=senha_cad</arg>
<arg>${senha}</arg>
</arguments>
<msg timestamp="20190708 23:27:34.193" level="INFO">Typing password into text field 'id=senha_cad'.</msg>
<status status="PASS" starttime="20190708 23:27:34.192" endtime="20190708 23:27:34.482"></status>
</kw>
<kw name="Click Button" library="SeleniumLibrary">
<doc>Clicks button identified by ``locator``.</doc>
<arguments>
<arg>xpath=//*[@id="cadastro"]/form/p[9]/input</arg>
</arguments>
<msg timestamp="20190708 23:27:34.483" level="INFO">Clicking button 'xpath=//*[@id="cadastro"]/form/p[9]/input'.</msg>
<status status="PASS" starttime="20190708 23:27:34.483" endtime="20190708 23:27:34.693"></status>
</kw>
<kw name="Run Keyword And Return Status" library="BuiltIn">
<doc>Runs the given keyword with given arguments and returns the status as a Boolean value.</doc>
<arguments>
<arg>page should contain element</arg>
<arg>id=nome_cad</arg>
</arguments>
<assign>
<var>${present}</var>
</assign>
<kw name="Page Should Contain Element" library="SeleniumLibrary">
<doc>Verifies that element ``locator`` is found on the current page.</doc>
<arguments>
<arg>id=nome_cad</arg>
</arguments>
<msg timestamp="20190708 23:27:34.716" level="INFO">Current page contains element 'id=nome_cad'.</msg>
<status status="PASS" starttime="20190708 23:27:34.695" endtime="20190708 23:27:34.716"></status>
</kw>
<msg timestamp="20190708 23:27:34.716" level="INFO">${present} = True</msg>
<status status="PASS" starttime="20190708 23:27:34.694" endtime="20190708 23:27:34.716"></status>
</kw>
<kw name="Run Keyword And Return If" library="BuiltIn">
<doc>Runs the specified keyword and returns from the enclosing user keyword.</doc>
<arguments>
<arg>${present}=='True'</arg>
<arg>run keyword</arg>
<arg>Exec Login</arg>
</arguments>
<status status="PASS" starttime="20190708 23:27:34.717" endtime="20190708 23:27:34.717"></status>
</kw>
<kw name="Wait Until Page Does Not Contain Element" library="SeleniumLibrary">
<doc>Waits until element ``locator`` disappears from current page.</doc>
<arguments>
<arg>id=nome_login</arg>
</arguments>
<kw name="Capture Page Screenshot" library="SeleniumLibrary">
<doc>Takes screenshot of the current page and embeds it into log file.</doc>
<msg timestamp="20190708 23:27:40.091" level="INFO" html="yes">&lt;/td&gt;&lt;/tr&gt;&lt;tr&gt;&lt;td colspan="3"&gt;&lt;a href="selenium-screenshot-13.png"&gt;&lt;img src="selenium-screenshot-13.png" width="800px"&gt;&lt;/a&gt;</msg>
<status status="PASS" starttime="20190708 23:27:39.737" endtime="20190708 23:27:40.092"></status>
</kw>
<msg timestamp="20190708 23:27:40.097" level="FAIL">Element 'id=nome_login' did not disappear in 5 seconds.</msg>
<status status="FAIL" starttime="20190708 23:27:34.718" endtime="20190708 23:27:40.097"></status>
</kw>
<kw name="Close Browser" library="SeleniumLibrary" type="teardown">
<doc>Closes the current browser.</doc>
<status status="PASS" starttime="20190708 23:27:40.098" endtime="20190708 23:27:40.228"></status>
</kw>
<doc>Usuário preenche o cadastro com as informações corretas. Se o cadastro não for realizado, ele loga no sistema</doc>
<tags>
<tag>Smoke</tag>
</tags>
<status status="FAIL" starttime="20190708 23:27:28.666" endtime="20190708 23:27:40.228" critical="yes">Element 'id=nome_login' did not disappear in 5 seconds.</status>
</test>
<doc>Testes na area de cadastro e login</doc>
<status status="FAIL" starttime="20190708 23:27:28.264" endtime="20190708 23:27:40.234"></status>
</suite>
<statistics>
<total>
<stat pass="0" fail="1">Critical Tests</stat>
<stat pass="0" fail="1">All Tests</stat>
</total>
<tag>
<stat pass="0" fail="1">Smoke</stat>
</tag>
<suite>
<stat pass="0" fail="1" id="s1" name="Test01">Test01</stat>
</suite>
</statistics>
<errors>
</errors>
</robot>
