<?xml version="1.0" encoding="UTF-8"?>
<robot generator="Robot 3.1.2 (Python 3.7.3 on darwin)" generated="20190708 01:01:44.790" rpa="false">
<suite id="s1" name="Test10" source="/Users/luizfilipecunha/robot-scripts/QA_Test/Tests/Cadastro/Teste 10/test10.robot">
<test id="s1-t1" name="Todos os campos do cadastro devem ser obrigatórios">
<kw name="Open Browser" library="SeleniumLibrary">
<doc>Opens a new browser instance to the given ``url``.</doc>
<arguments>
<arg>https://letsbomfin.github.io/cadastro.github.io/</arg>
<arg>googlechrome</arg>
</arguments>
<msg timestamp="20190708 01:01:45.118" level="INFO">Opening browser 'googlechrome' to base url 'https://letsbomfin.github.io/cadastro.github.io/'.</msg>
<status status="PASS" starttime="20190708 01:01:45.118" endtime="20190708 01:01:48.516"></status>
</kw>
<kw name="Wait Until Page Contains" library="SeleniumLibrary">
<doc>Waits until ``text`` appears on current page.</doc>
<arguments>
<arg>Seu nome</arg>
</arguments>
<status status="PASS" starttime="20190708 01:01:48.517" endtime="20190708 01:01:48.662"></status>
</kw>
<kw name="Input Text" library="SeleniumLibrary">
<doc>Types the given ``text`` into text field identified by ``locator``.</doc>
<arguments>
<arg>id=nome_cad</arg>
<arg>Luiz Cunha</arg>
</arguments>
<msg timestamp="20190708 01:01:48.664" level="INFO">Typing text 'Luiz Cunha' into text field 'id=nome_cad'.</msg>
<status status="PASS" starttime="20190708 01:01:48.663" endtime="20190708 01:01:48.896"></status>
</kw>
<kw name="Input Text" library="SeleniumLibrary">
<doc>Types the given ``text`` into text field identified by ``locator``.</doc>
<arguments>
<arg>id=email_cad</arg>
<arg>luiz.cunha@netlex.com.br</arg>
</arguments>
<msg timestamp="20190708 01:01:48.897" level="INFO">Typing text 'luiz.cunha@netlex.com.br' into text field 'id=email_cad'.</msg>
<status status="PASS" starttime="20190708 01:01:48.897" endtime="20190708 01:01:49.169"></status>
</kw>
<kw name="Input Text" library="SeleniumLibrary">
<doc>Types the given ``text`` into text field identified by ``locator``.</doc>
<arguments>
<arg>id=estado_cad</arg>
<arg>minas gerais</arg>
</arguments>
<msg timestamp="20190708 01:01:49.170" level="INFO">Typing text 'minas gerais' into text field 'id=estado_cad'.</msg>
<status status="PASS" starttime="20190708 01:01:49.169" endtime="20190708 01:01:49.315"></status>
</kw>
<kw name="Input Text" library="SeleniumLibrary">
<doc>Types the given ``text`` into text field identified by ``locator``.</doc>
<arguments>
<arg>id=cidade_cad</arg>
<arg>sabará</arg>
</arguments>
<msg timestamp="20190708 01:01:49.316" level="INFO">Typing text 'sabará' into text field 'id=cidade_cad'.</msg>
<status status="PASS" starttime="20190708 01:01:49.315" endtime="20190708 01:01:49.427"></status>
</kw>
<kw name="Input Text" library="SeleniumLibrary">
<doc>Types the given ``text`` into text field identified by ``locator``.</doc>
<arguments>
<arg>id=rua_cad</arg>
<arg>rua um</arg>
</arguments>
<msg timestamp="20190708 01:01:49.428" level="INFO">Typing text 'rua um' into text field 'id=rua_cad'.</msg>
<status status="PASS" starttime="20190708 01:01:49.428" endtime="20190708 01:01:49.545"></status>
</kw>
<kw name="Input Text" library="SeleniumLibrary">
<doc>Types the given ``text`` into text field identified by ``locator``.</doc>
<arguments>
<arg>id=bairro_cad</arg>
<arg>pompéu</arg>
</arguments>
<msg timestamp="20190708 01:01:49.546" level="INFO">Typing text 'pompéu' into text field 'id=bairro_cad'.</msg>
<status status="PASS" starttime="20190708 01:01:49.546" endtime="20190708 01:01:49.667"></status>
</kw>
<kw name="Input Text" library="SeleniumLibrary">
<doc>Types the given ``text`` into text field identified by ``locator``.</doc>
<arguments>
<arg>name=cep2</arg>
<arg>090</arg>
</arguments>
<msg timestamp="20190708 01:01:49.668" level="INFO">Typing text '090' into text field 'name=cep2'.</msg>
<status status="PASS" starttime="20190708 01:01:49.668" endtime="20190708 01:01:49.796"></status>
</kw>
<kw name="Input Password" library="SeleniumLibrary">
<doc>Types the given password into text field identified by ``locator``.</doc>
<arguments>
<arg>id=senha_cad</arg>
<arg>ftfA$1</arg>
</arguments>
<msg timestamp="20190708 01:01:49.797" level="INFO">Typing password into text field 'id=senha_cad'.</msg>
<status status="PASS" starttime="20190708 01:01:49.797" endtime="20190708 01:01:49.926"></status>
</kw>
<kw name="Click Button" library="SeleniumLibrary">
<doc>Clicks button identified by ``locator``.</doc>
<arguments>
<arg>xpath=//*[@id="cadastro"]/form/p[9]/input</arg>
</arguments>
<msg timestamp="20190708 01:01:49.926" level="INFO">Clicking button 'xpath=//*[@id="cadastro"]/form/p[9]/input'.</msg>
<status status="PASS" starttime="20190708 01:01:49.926" endtime="20190708 01:01:50.093"></status>
</kw>
<kw name="Page Should Contain Element" library="SeleniumLibrary">
<doc>Verifies that element ``locator`` is found on the current page.</doc>
<arguments>
<arg>id=nome_cad</arg>
</arguments>
<kw name="Capture Page Screenshot" library="SeleniumLibrary">
<doc>Takes screenshot of the current page and embeds it into log file.</doc>
<msg timestamp="20190708 01:01:50.420" level="INFO" html="yes">&lt;/td&gt;&lt;/tr&gt;&lt;tr&gt;&lt;td colspan="3"&gt;&lt;a href="selenium-screenshot-28.png"&gt;&lt;img src="selenium-screenshot-28.png" width="800px"&gt;&lt;/a&gt;</msg>
<status status="PASS" starttime="20190708 01:01:50.115" endtime="20190708 01:01:50.421"></status>
</kw>
<msg timestamp="20190708 01:01:50.425" level="FAIL">Page should have contained element 'id=nome_cad' but did not.</msg>
<status status="FAIL" starttime="20190708 01:01:50.093" endtime="20190708 01:01:50.426"></status>
</kw>
<kw name="Close Browser" library="SeleniumLibrary" type="teardown">
<doc>Closes the current browser.</doc>
<status status="PASS" starttime="20190708 01:01:50.426" endtime="20190708 01:01:50.532"></status>
</kw>
<doc>Cadastro feito sem o a informação da primeira parte do CEP. O sistema não deve proceder com o cadastro</doc>
<tags>
<tag>Smoke</tag>
</tags>
<status status="FAIL" starttime="20190708 01:01:45.116" endtime="20190708 01:01:50.532" critical="yes">Page should have contained element 'id=nome_cad' but did not.</status>
</test>
<doc>Testes na area de cadastro e login</doc>
<status status="FAIL" starttime="20190708 01:01:44.792" endtime="20190708 01:01:50.540"></status>
</suite>
<statistics>
<total>
<stat pass="0" fail="1">Critical Tests</stat>
<stat pass="0" fail="1">All Tests</stat>
</total>
<tag>
<stat pass="0" fail="1">Smoke</stat>
</tag>
<suite>
<stat pass="0" fail="1" id="s1" name="Test10">Test10</stat>
</suite>
</statistics>
<errors>
</errors>
</robot>
